  Building Custom Rule E:/Downloads/lua-5.3.5/lua-5.3.5/src/CMakeLists.txt
  lapi.c
  lauxlib.c
  lbaselib.c
  lbitlib.c
  lcode.c
  lcorolib.c
  lctype.c
  ldblib.c
  ldebug.c
  ldo.c
  ldump.c
  lfunc.c
  lgc.c
  linit.c
  liolib.c
  llex.c
  lmathlib.c
  lmem.c
  loadlib.c
  lobject.c
  正在生成代码...
  正在编译...
  lopcodes.c
  loslib.c
  lparser.c
  lstate.c
  lstring.c
  lstrlib.c
  ltable.c
  ltablib.c
  ltm.c
  lua.c
  luac.c
  lundump.c
  lutf8lib.c
  lvm.c
  lzio.c
  正在生成代码...
luac.obj : warning LNK4006: main 已在 luac.obj 中定义；已忽略第二个定义
  lua.vcxproj -> E:\Downloads\lua-5.3.5\build\Release\lua.lib
